c:\users\ibadu\desktop\301 net, lua, fmod\framework\framework\x64\debug\vc141.pdb
c:\users\ibadu\desktop\301 net, lua, fmod\framework\framework\x64\debug\vc141.idb
c:\users\ibadu\desktop\301 net, lua, fmod\framework\framework\x64\debug\statemachine.obj
c:\users\ibadu\desktop\301 net, lua, fmod\framework\framework\x64\debug\asteroid.obj
c:\users\ibadu\desktop\301 net, lua, fmod\framework\framework\x64\debug\mainmenustate.obj
c:\users\ibadu\desktop\301 net, lua, fmod\framework\framework\x64\debug\main.obj
c:\users\ibadu\desktop\301 net, lua, fmod\framework\framework\x64\debug\leveleditor.obj
c:\users\ibadu\desktop\301 net, lua, fmod\framework\framework\x64\debug\laser.obj
c:\users\ibadu\desktop\301 net, lua, fmod\framework\framework\x64\debug\inputmanager.obj
c:\users\ibadu\desktop\301 net, lua, fmod\framework\framework\x64\debug\gamestate.obj
c:\users\ibadu\desktop\301 net, lua, fmod\framework\framework\x64\debug\engine.obj
c:\users\ibadu\desktop\301 net, lua, fmod\framework\framework\x64\debug\enetclient.obj
c:\users\ibadu\desktop\301 net, lua, fmod\framework\framework\x64\debug\collision.obj
c:\users\ibadu\desktop\301 net, lua, fmod\framework\framework\x64\debug\spaceship.obj
c:\users\ibadu\desktop\301 net, lua, fmod\framework\framework\x64\debug\fps.obj
c:\users\ibadu\desktop\301 net, lua, fmod\framework\framework\x64\debug\audiomanager.obj
c:\users\ibadu\desktop\301 net, lua, fmod\framework\framework\x64\debug\assetmanager.obj
c:\users\ibadu\desktop\301 net, lua, fmod\framework\x64\debug\framework.exe
c:\users\ibadu\desktop\301 net, lua, fmod\framework\x64\debug\framework.ilk
c:\users\ibadu\desktop\301 net, lua, fmod\framework\x64\debug\framework.pdb
c:\users\ibadu\desktop\301 net, lua, fmod\framework\framework\x64\debug\framework.tlog\cl.command.1.tlog
c:\users\ibadu\desktop\301 net, lua, fmod\framework\framework\x64\debug\framework.tlog\cl.read.1.tlog
c:\users\ibadu\desktop\301 net, lua, fmod\framework\framework\x64\debug\framework.tlog\cl.write.1.tlog
c:\users\ibadu\desktop\301 net, lua, fmod\framework\framework\x64\debug\framework.tlog\link.command.1.tlog
c:\users\ibadu\desktop\301 net, lua, fmod\framework\framework\x64\debug\framework.tlog\link.read.1.tlog
c:\users\ibadu\desktop\301 net, lua, fmod\framework\framework\x64\debug\framework.tlog\link.write.1.tlog
